
> concrete-calculator@0.1.0 build
> next build --turbopack

   ??? Next.js 15.5.9 (Turbopack)

   Creating an optimized production build ...
 ??? Finished writing to disk in 372ms
 ??? Compiled successfully in 9.3s
   Linting and checking validity of types ...
node.exe : 
At line:1 char:1
+ & "C:\Program Files\nodejs/node.exe" 
"C:\Program Files\nodejs/node_mo ...
+ ~~~~~~~~~~~~~~~~~~~~~~~~~~~~~~~~~~~~~~~~~~~~~~
~~~~~~~~~~~~~~~~~~~~~~~
    + CategoryInfo          : NotSpecified: (:S 
   tring) [], RemoteException
    + FullyQualifiedErrorId : NativeCommandErro 
   r
 
Failed to compile.

./app/(site)/calculators/concrete-bags/page.tsx
109:87  Error: `'` can be escaped with 
`&apos;`, `&lsquo;`, `&#39;`, `&rsquo;`.  
react/no-unescaped-entities

info  - Need to disable some ESLint rules? 
Learn more here: https://nextjs.org/docs/app/api
-reference/config/eslint#disabling-rules
